Not searching for unused variables given on the command line.
[36m--[0m The C compiler identification is GNU 8.4.0
[36m--[0m Check for working C compiler: /usr/bin/gcc-8
[36m--[0m Check for working C compiler: /usr/bin/gcc-8 -- works
[36m--[0m Detecting C compiler ABI info
[36m--[0m Detecting C compiler ABI info - done
[36m--[0m Detecting C compile features
[36m--[0m Detecting C compile features - done
[36m--[0m Using CATKIN_DEVEL_PREFIX: /home/sjchang/catkin_ws/devel/.private/darknet_ros_msgs
[36m--[0m Using CMAKE_PREFIX_PATH: /home/sjchang/new_ws/devel;/home/sjchang/catkin_ws/devel;/opt/ros/noetic
[36m--[0m This workspace overlays: /home/sjchang/new_ws/devel;/home/sjchang/catkin_ws/devel;/opt/ros/noetic
[36m--[0m Found PythonInterp: /usr/bin/python3 (found suitable version "3.8.10", minimum required is "3")
[36m--[0m Using PYTHON_EXECUTABLE: /usr/bin/python3
[36m--[0m Using Debian Python package layout
[36m--[0m Found PY_em: /home/sjchang/.local/lib/python3.8/site-packages/em.py
[36m--[0m Using empy: /home/sjchang/.local/lib/python3.8/site-packages/em.py
[36m--[0m Using CATKIN_ENABLE_TESTING: ON
[36m--[0m Call enable_testing()
[36m--[0m Using CATKIN_TEST_RESULTS_DIR: /home/sjchang/catkin_ws/build/darknet_ros_msgs/test_results
[36m--[0m Forcing gtest/gmock from source, though one was otherwise available.
[36m--[0m Found gtest sources under '/usr/src/googletest': gtests will be built
[36m--[0m Found gmock sources under '/usr/src/googletest': gmock will be built
[36m--[0m Found PythonInterp: /usr/bin/python3 (found version "3.8.10")
[36m--[0m Found Threads: TRUE
[36m--[0m Using Python nosetests: /usr/bin/nosetests3
[36m--[0m catkin 0.8.10
[36m--[0m BUILD_SHARED_LIBS is on
[36m--[0m Using these message generators: gencpp;geneus;genlisp;gennodejs;genpy
[36m--[0m Generating .msg files for action darknet_ros_msgs/CheckForObjects /home/sjchang/catkin_ws/src/darknet_ros/darknet_ros_msgs/action/CheckForObjects.action
Generating for action CheckForObjects
[36m--[0m darknet_ros_msgs: 10 messages, 0 services
[36m--[0m Configuring done
[36m--[0m Generating done
[36m--[0m Build files have been written to: /home/sjchang/catkin_ws/build/darknet_ros_msgs
