Not searching for unused variables given on the command line.
CMake Warning (dev) at CMakeLists.txt:2 (project):
  Policy CMP0048 is not set: project() command manages VERSION variables.
  Run "cmake --help-policy CMP0048" for policy details.  Use the cmake_policy
  command to set the policy and suppress this warning.

  The following variable(s) would be set to empty:

    CMAKE_PROJECT_VERSION
    CMAKE_PROJECT_VERSION_MAJOR
    CMAKE_PROJECT_VERSION_MINOR
    CMAKE_PROJECT_VERSION_PATCH
This warning is for project developers.  Use -Wno-dev to suppress it.

[36m--[0m Using CATKIN_DEVEL_PREFIX: /home/sjchang/catkin_ws/devel/.private/mavros
[36m--[0m Using CMAKE_PREFIX_PATH: /home/sjchang/new_ws/devel;/home/sjchang/catkin_ws/devel;/opt/ros/noetic
[36m--[0m This workspace overlays: /home/sjchang/new_ws/devel;/home/sjchang/catkin_ws/devel;/opt/ros/noetic
[36m--[0m Found PythonInterp: /usr/bin/python3 (found suitable version "3.8.10", minimum required is "3")
[36m--[0m Using PYTHON_EXECUTABLE: /usr/bin/python3
[36m--[0m Using Debian Python package layout
[36m--[0m Using empy: /home/sjchang/.local/lib/python3.8/site-packages/em.py
[36m--[0m Using CATKIN_ENABLE_TESTING: ON
[36m--[0m Call enable_testing()
[36m--[0m Using CATKIN_TEST_RESULTS_DIR: /home/sjchang/catkin_ws/build/mavros/test_results
[36m--[0m Forcing gtest/gmock from source, though one was otherwise available.
[36m--[0m Found gtest sources under '/usr/src/googletest': gtests will be built
[36m--[0m Found gmock sources under '/usr/src/googletest': gmock will be built
[36m--[0m Found PythonInterp: /usr/bin/python3 (found version "3.8.10")
[36m--[0m Using Python nosetests: /usr/bin/nosetests3
[36m--[0m catkin 0.8.10
[36m--[0m BUILD_SHARED_LIBS is on
[36m--[0m Using these message generators: gencpp;geneus;genlisp;gennodejs;genpy
[36m--[0m Geoid model datasets found in: /usr/share/GeographicLib/geoid
[36m--[0m Gravity Field model datasets found in: /usr/share/GeographicLib/gravity
[36m--[0m Magnetic Field model datasets found in: /usr/share/GeographicLib/magnetic
[36m--[0m Installing devel-space wrapper /home/sjchang/catkin_ws/src/mavros/mavros/scripts/checkid to /home/sjchang/catkin_ws/devel/.private/mavros/lib/mavros
[36m--[0m Installing devel-space wrapper /home/sjchang/catkin_ws/src/mavros/mavros/scripts/event_launcher to /home/sjchang/catkin_ws/devel/.private/mavros/lib/mavros
[36m--[0m Installing devel-space wrapper /home/sjchang/catkin_ws/src/mavros/mavros/scripts/install_geographiclib_datasets.sh to /home/sjchang/catkin_ws/devel/.private/mavros/lib/mavros
[36m--[0m Installing devel-space wrapper /home/sjchang/catkin_ws/src/mavros/mavros/scripts/mavcmd to /home/sjchang/catkin_ws/devel/.private/mavros/lib/mavros
[36m--[0m Installing devel-space wrapper /home/sjchang/catkin_ws/src/mavros/mavros/scripts/mavftp to /home/sjchang/catkin_ws/devel/.private/mavros/lib/mavros
[36m--[0m Installing devel-space wrapper /home/sjchang/catkin_ws/src/mavros/mavros/scripts/mavparam to /home/sjchang/catkin_ws/devel/.private/mavros/lib/mavros
[36m--[0m Installing devel-space wrapper /home/sjchang/catkin_ws/src/mavros/mavros/scripts/mavsafety to /home/sjchang/catkin_ws/devel/.private/mavros/lib/mavros
[36m--[0m Installing devel-space wrapper /home/sjchang/catkin_ws/src/mavros/mavros/scripts/mavsetp to /home/sjchang/catkin_ws/devel/.private/mavros/lib/mavros
[36m--[0m Installing devel-space wrapper /home/sjchang/catkin_ws/src/mavros/mavros/scripts/mavsys to /home/sjchang/catkin_ws/devel/.private/mavros/lib/mavros
[36m--[0m Installing devel-space wrapper /home/sjchang/catkin_ws/src/mavros/mavros/scripts/mavwp to /home/sjchang/catkin_ws/devel/.private/mavros/lib/mavros
[36m--[0m Configuring done
You have changed variables that require your cache to be deleted.
Configure will be re-run and you may have to reset some variables.
The following variables have changed:
CMAKE_C_COMPILER= /usr/bin/gcc-8
CMAKE_C_COMPILER= /usr/bin/gcc-8
CMAKE_C_COMPILER= /usr/bin/gcc-8
CMAKE_C_COMPILER= /usr/bin/gcc-8

[36m--[0m The C compiler identification is GNU 8.4.0
[36m--[0m The CXX compiler identification is GNU 9.4.0
[36m--[0m Check for working C compiler: /usr/bin/gcc-8
[36m--[0m Check for working C compiler: /usr/bin/gcc-8 -- works
[36m--[0m Detecting C compiler ABI info
[36m--[0m Detecting C compiler ABI info - done
[36m--[0m Detecting C compile features
[36m--[0m Detecting C compile features - done
[36m--[0m Check for working CXX compiler: /usr/bin/c++
[36m--[0m Check for working CXX compiler: /usr/bin/c++ -- works
[36m--[0m Detecting CXX compiler ABI info
[36m--[0m Detecting CXX compiler ABI info - done
[36m--[0m Detecting CXX compile features
[36m--[0m Detecting CXX compile features - done
[36m--[0m Using CATKIN_DEVEL_PREFIX: /home/sjchang/catkin_ws/build/mavros/devel
[36m--[0m Using CMAKE_PREFIX_PATH: /home/sjchang/new_ws/devel;/home/sjchang/catkin_ws/devel;/opt/ros/noetic
[36m--[0m This workspace overlays: /home/sjchang/new_ws/devel;/home/sjchang/catkin_ws/devel;/opt/ros/noetic
[36m--[0m Found PythonInterp: /usr/bin/python3 (found suitable version "3.8.10", minimum required is "3")
[36m--[0m Using PYTHON_EXECUTABLE: /usr/bin/python3
[36m--[0m Using Debian Python package layout
[36m--[0m Found PY_em: /home/sjchang/.local/lib/python3.8/site-packages/em.py
[36m--[0m Using empy: /home/sjchang/.local/lib/python3.8/site-packages/em.py
[36m--[0m Using CATKIN_ENABLE_TESTING: ON
[36m--[0m Call enable_testing()
[36m--[0m Using CATKIN_TEST_RESULTS_DIR: /home/sjchang/catkin_ws/build/mavros/test_results
[36m--[0m Forcing gtest/gmock from source, though one was otherwise available.
[36m--[0m Found gtest sources under '/usr/src/googletest': gtests will be built
[36m--[0m Found gmock sources under '/usr/src/googletest': gmock will be built
[36m--[0m Found PythonInterp: /usr/bin/python3 (found version "3.8.10")
[36m--[0m Found Threads: TRUE
[36m--[0m Using Python nosetests: /usr/bin/nosetests3
[36m--[0m catkin 0.8.10
[36m--[0m BUILD_SHARED_LIBS is on
[36m--[0m Using these message generators: gencpp;geneus;genlisp;gennodejs;genpy
[36m--[0m Found Boost: /usr/lib/x86_64-linux-gnu/cmake/Boost-1.71.0/BoostConfig.cmake (found version "1.71.0") found components: system
[36m--[0m Found GeographicLib: /usr/lib/x86_64-linux-gnu
[36m--[0m Geoid model datasets found in: /usr/share/GeographicLib/geoid
[36m--[0m Gravity Field model datasets found in: /usr/share/GeographicLib/gravity
[36m--[0m Magnetic Field model datasets found in: /usr/share/GeographicLib/magnetic
[36m--[0m Performing Test COMPILER_SUPPORTS_STD_CXX14
[36m--[0m Performing Test COMPILER_SUPPORTS_STD_CXX14 - Success
[36m--[0m Installing devel-space wrapper /home/sjchang/catkin_ws/src/mavros/mavros/scripts/checkid to /home/sjchang/catkin_ws/build/mavros/devel/lib/mavros
[36m--[0m Installing devel-space wrapper /home/sjchang/catkin_ws/src/mavros/mavros/scripts/event_launcher to /home/sjchang/catkin_ws/build/mavros/devel/lib/mavros
[36m--[0m Installing devel-space wrapper /home/sjchang/catkin_ws/src/mavros/mavros/scripts/install_geographiclib_datasets.sh to /home/sjchang/catkin_ws/build/mavros/devel/lib/mavros
[36m--[0m Installing devel-space wrapper /home/sjchang/catkin_ws/src/mavros/mavros/scripts/mavcmd to /home/sjchang/catkin_ws/build/mavros/devel/lib/mavros
[36m--[0m Installing devel-space wrapper /home/sjchang/catkin_ws/src/mavros/mavros/scripts/mavftp to /home/sjchang/catkin_ws/build/mavros/devel/lib/mavros
[36m--[0m Installing devel-space wrapper /home/sjchang/catkin_ws/src/mavros/mavros/scripts/mavparam to /home/sjchang/catkin_ws/build/mavros/devel/lib/mavros
[36m--[0m Installing devel-space wrapper /home/sjchang/catkin_ws/src/mavros/mavros/scripts/mavsafety to /home/sjchang/catkin_ws/build/mavros/devel/lib/mavros
[36m--[0m Installing devel-space wrapper /home/sjchang/catkin_ws/src/mavros/mavros/scripts/mavsetp to /home/sjchang/catkin_ws/build/mavros/devel/lib/mavros
[36m--[0m Installing devel-space wrapper /home/sjchang/catkin_ws/src/mavros/mavros/scripts/mavsys to /home/sjchang/catkin_ws/build/mavros/devel/lib/mavros
[36m--[0m Installing devel-space wrapper /home/sjchang/catkin_ws/src/mavros/mavros/scripts/mavwp to /home/sjchang/catkin_ws/build/mavros/devel/lib/mavros
[36m--[0m Configuring done
[36m--[0m Generating done
[36m--[0m Build files have been written to: /home/sjchang/catkin_ws/build/mavros
