Compiling the C compiler identification source file "CMakeCCompilerId.c" failed.
Compiler: /usr/bin/gcc-6 
Build flags: 
Id flags:  

The output was:
No such file or directory


Compiling the C compiler identification source file "CMakeCCompilerId.c" failed.
Compiler: /usr/bin/gcc-6 
Build flags: 
Id flags: -c 

The output was:
No such file or directory


Compiling the C compiler identification source file "CMakeCCompilerId.c" failed.
Compiler: /usr/bin/gcc-6 
Build flags: 
Id flags: -Aa 

The output was:
No such file or directory


Compiling the C compiler identification source file "CMakeCCompilerId.c" failed.
Compiler: /usr/bin/gcc-6 
Build flags: 
Id flags: -D__CLASSIC_C__ 

The output was:
No such file or directory


Compiling the C compiler identification source file "CMakeCCompilerId.c" failed.
Compiler: /usr/bin/gcc-6 
Build flags: 
Id flags: --target=arm-arm-none-eabi;-mcpu=cortex-m3 

The output was:
No such file or directory


Compiling the C compiler identification source file "CMakeCCompilerId.c" failed.
Compiler: /usr/bin/gcc-6 
Build flags: 
Id flags:  

The output was:
No such file or directory


Compiling the C compiler identification source file "CMakeCCompilerId.c" failed.
Compiler: /usr/bin/gcc-6 
Build flags: 
Id flags: -c 

The output was:
No such file or directory


Compiling the C compiler identification source file "CMakeCCompilerId.c" failed.
Compiler: /usr/bin/gcc-6 
Build flags: 
Id flags: -Aa 

The output was:
No such file or directory


Compiling the C compiler identification source file "CMakeCCompilerId.c" failed.
Compiler: /usr/bin/gcc-6 
Build flags: 
Id flags: -D__CLASSIC_C__ 

The output was:
No such file or directory


Compiling the C compiler identification source file "CMakeCCompilerId.c" failed.
Compiler: /usr/bin/gcc-6 
Build flags: 
Id flags: --target=arm-arm-none-eabi;-mcpu=cortex-m3 

The output was:
No such file or directory


Checking whether the C compiler is IAR using "" did not match "IAR .+ Compiler":
Checking whether the C compiler is IAR using "" did not match "IAR .+ Compiler":
Compiling the C compiler identification source file "CMakeCCompilerId.c" failed.
Compiler: /usr/bin/gcc-6 
Build flags: 
Id flags:  

The output was:
No such file or directory


Compiling the C compiler identification source file "CMakeCCompilerId.c" failed.
Compiler: /usr/bin/gcc-6 
Build flags: 
Id flags: -c 

The output was:
No such file or directory


Compiling the C compiler identification source file "CMakeCCompilerId.c" failed.
Compiler: /usr/bin/gcc-6 
Build flags: 
Id flags: -Aa 

The output was:
No such file or directory


Compiling the C compiler identification source file "CMakeCCompilerId.c" failed.
Compiler: /usr/bin/gcc-6 
Build flags: 
Id flags: -D__CLASSIC_C__ 

The output was:
No such file or directory


Compiling the C compiler identification source file "CMakeCCompilerId.c" failed.
Compiler: /usr/bin/gcc-6 
Build flags: 
Id flags: --target=arm-arm-none-eabi;-mcpu=cortex-m3 

The output was:
No such file or directory


Compiling the C compiler identification source file "CMakeCCompilerId.c" failed.
Compiler: /usr/bin/gcc-6 
Build flags: 
Id flags:  

The output was:
No such file or directory


Compiling the C compiler identification source file "CMakeCCompilerId.c" failed.
Compiler: /usr/bin/gcc-6 
Build flags: 
Id flags: -c 

The output was:
No such file or directory


Compiling the C compiler identification source file "CMakeCCompilerId.c" failed.
Compiler: /usr/bin/gcc-6 
Build flags: 
Id flags: -Aa 

The output was:
No such file or directory


Compiling the C compiler identification source file "CMakeCCompilerId.c" failed.
Compiler: /usr/bin/gcc-6 
Build flags: 
Id flags: -D__CLASSIC_C__ 

The output was:
No such file or directory


Compiling the C compiler identification source file "CMakeCCompilerId.c" failed.
Compiler: /usr/bin/gcc-6 
Build flags: 
Id flags: --target=arm-arm-none-eabi;-mcpu=cortex-m3 

The output was:
No such file or directory


Checking whether the C compiler is IAR using "" did not match "IAR .+ Compiler":
Checking whether the C compiler is IAR using "" did not match "IAR .+ Compiler":
Performing C SOURCE FILE Test CMAKE_HAVE_LIBC_PTHREAD failed with the following output:
Change Dir: /home/sjchang/catkin_ws/build/mavros_msgs/CMakeFiles/CMakeTmp

Run Build Command(s):/usr/bin/make cmTC_61587/fast && /usr/bin/make -f CMakeFiles/cmTC_61587.dir/build.make CMakeFiles/cmTC_61587.dir/build
make[1]: Entering directory '/home/sjchang/catkin_ws/build/mavros_msgs/CMakeFiles/CMakeTmp'
Building C object CMakeFiles/cmTC_61587.dir/src.c.o
/usr/bin/gcc-8   -DCMAKE_HAVE_LIBC_PTHREAD   -o CMakeFiles/cmTC_61587.dir/src.c.o   -c /home/sjchang/catkin_ws/build/mavros_msgs/CMakeFiles/CMakeTmp/src.c
Linking C executable cmTC_61587
/usr/bin/cmake -E cmake_link_script CMakeFiles/cmTC_61587.dir/link.txt --verbose=1
/usr/bin/gcc-8  -DCMAKE_HAVE_LIBC_PTHREAD    -rdynamic CMakeFiles/cmTC_61587.dir/src.c.o  -o cmTC_61587 
/usr/bin/ld: CMakeFiles/cmTC_61587.dir/src.c.o: in function `main':
src.c:(.text+0x46): undefined reference to `pthread_create'
/usr/bin/ld: src.c:(.text+0x52): undefined reference to `pthread_detach'
/usr/bin/ld: src.c:(.text+0x63): undefined reference to `pthread_join'
collect2: error: ld returned 1 exit status
make[1]: *** [CMakeFiles/cmTC_61587.dir/build.make:87: cmTC_61587] Error 1
make[1]: Leaving directory '/home/sjchang/catkin_ws/build/mavros_msgs/CMakeFiles/CMakeTmp'
make: *** [Makefile:121: cmTC_61587/fast] Error 2


Source file was:
#include <pthread.h>

void* test_func(void* data)
{
  return data;
}

int main(void)
{
  pthread_t thread;
  pthread_create(&thread, NULL, test_func, NULL);
  pthread_detach(thread);
  pthread_join(thread, NULL);
  pthread_atfork(NULL, NULL, NULL);
  pthread_exit(NULL);

  return 0;
}

Determining if the function pthread_create exists in the pthreads failed with the following output:
Change Dir: /home/sjchang/catkin_ws/build/mavros_msgs/CMakeFiles/CMakeTmp

Run Build Command(s):/usr/bin/make cmTC_3b9bf/fast && /usr/bin/make -f CMakeFiles/cmTC_3b9bf.dir/build.make CMakeFiles/cmTC_3b9bf.dir/build
make[1]: Entering directory '/home/sjchang/catkin_ws/build/mavros_msgs/CMakeFiles/CMakeTmp'
Building C object CMakeFiles/cmTC_3b9bf.dir/CheckFunctionExists.c.o
/usr/bin/gcc-8   -DCHECK_FUNCTION_EXISTS=pthread_create   -o CMakeFiles/cmTC_3b9bf.dir/CheckFunctionExists.c.o   -c /usr/share/cmake-3.16/Modules/CheckFunctionExists.c
Linking C executable cmTC_3b9bf
/usr/bin/cmake -E cmake_link_script CMakeFiles/cmTC_3b9bf.dir/link.txt --verbose=1
/usr/bin/gcc-8  -DCHECK_FUNCTION_EXISTS=pthread_create    -rdynamic CMakeFiles/cmTC_3b9bf.dir/CheckFunctionExists.c.o  -o cmTC_3b9bf  -lpthreads 
/usr/bin/ld: cannot find -lpthreads
collect2: error: ld returned 1 exit status
make[1]: *** [CMakeFiles/cmTC_3b9bf.dir/build.make:87: cmTC_3b9bf] Error 1
make[1]: Leaving directory '/home/sjchang/catkin_ws/build/mavros_msgs/CMakeFiles/CMakeTmp'
make: *** [Makefile:121: cmTC_3b9bf/fast] Error 2



