[35m[1mScanning dependencies of target _mavros_msgs_generate_messages_check_deps_FileRemove[0m
[  0%] Built target _mavros_msgs_generate_messages_check_deps_FileRemove
[35m[1mScanning dependencies of target _mavros_msgs_generate_messages_check_deps_WaypointPush[0m
[  0%] Built target _mavros_msgs_generate_messages_check_deps_WaypointPush
[35m[1mScanning dependencies of target _mavros_msgs_generate_messages_check_deps_WaypointPull[0m
[  0%] Built target _mavros_msgs_generate_messages_check_deps_WaypointPull
[35m[1mScanning dependencies of target _mavros_msgs_generate_messages_check_deps_WaypointClear[0m
[  0%] Built target _mavros_msgs_generate_messages_check_deps_WaypointClear
[35m[1mScanning dependencies of target _mavros_msgs_generate_messages_check_deps_VehicleInfoGet[0m
[  0%] Built target _mavros_msgs_generate_messages_check_deps_VehicleInfoGet
[35m[1mScanning dependencies of target _mavros_msgs_generate_messages_check_deps_GPSINPUT[0m
[  0%] Built target _mavros_msgs_generate_messages_check_deps_GPSINPUT
[35m[1mScanning dependencies of target _mavros_msgs_generate_messages_check_deps_CommandCode[0m
[35m[1mScanning dependencies of target _mavros_msgs_generate_messages_check_deps_ActuatorControl[0m
[  0%] Built target _mavros_msgs_generate_messages_check_deps_CommandCode
[35m[1mScanning dependencies of target _mavros_msgs_generate_messages_check_deps_FileRename[0m
[35m[1mScanning dependencies of target _mavros_msgs_generate_messages_check_deps_ADSBVehicle[0m
[  0%] Built target _mavros_msgs_generate_messages_check_deps_ActuatorControl
[35m[1mScanning dependencies of target _mavros_msgs_generate_messages_check_deps_ParamValue[0m
[  0%] Built target _mavros_msgs_generate_messages_check_deps_ADSBVehicle
[  0%] Built target _mavros_msgs_generate_messages_check_deps_FileRename
[35m[1mScanning dependencies of target geometry_msgs_generate_messages_cpp[0m
[35m[1mScanning dependencies of target _mavros_msgs_generate_messages_check_deps_Param[0m
[  0%] Built target _mavros_msgs_generate_messages_check_deps_ParamValue
[  0%] Built target geometry_msgs_generate_messages_cpp
[35m[1mScanning dependencies of target geographic_msgs_generate_messages_cpp[0m
[35m[1mScanning dependencies of target _mavros_msgs_generate_messages_check_deps_LogRequestList[0m
[  0%] Built target geographic_msgs_generate_messages_cpp
[35m[1mScanning dependencies of target _mavros_msgs_generate_messages_check_deps_CommandHome[0m
[  0%] Built target _mavros_msgs_generate_messages_check_deps_Param
[35m[1mScanning dependencies of target _mavros_msgs_generate_messages_check_deps_CamIMUStamp[0m
[  0%] Built target _mavros_msgs_generate_messages_check_deps_LogRequestList
[35m[1mScanning dependencies of target _mavros_msgs_generate_messages_check_deps_FileEntry[0m
[  0%] Built target _mavros_msgs_generate_messages_check_deps_CommandHome
[35m[1mScanning dependencies of target _mavros_msgs_generate_messages_check_deps_TimesyncStatus[0m
[  0%] Built target _mavros_msgs_generate_messages_check_deps_CamIMUStamp
[  0%] Built target _mavros_msgs_generate_messages_check_deps_FileEntry
[35m[1mScanning dependencies of target _mavros_msgs_generate_messages_check_deps_EstimatorStatus[0m
[  0%] Built target _mavros_msgs_generate_messages_check_deps_TimesyncStatus
[35m[1mScanning dependencies of target _mavros_msgs_generate_messages_check_deps_Thrust[0m
[  0%] Built target _mavros_msgs_generate_messages_check_deps_EstimatorStatus
[  0%] Built target _mavros_msgs_generate_messages_check_deps_Thrust
[35m[1mScanning dependencies of target _mavros_msgs_generate_messages_check_deps_LogRequestData[0m
[35m[1mScanning dependencies of target _mavros_msgs_generate_messages_check_deps_GPSRTK[0m
[  0%] Built target _mavros_msgs_generate_messages_check_deps_LogRequestData
[35m[1mScanning dependencies of target sensor_msgs_generate_messages_cpp[0m
[  0%] Built target _mavros_msgs_generate_messages_check_deps_GPSRTK
[35m[1mScanning dependencies of target _mavros_msgs_generate_messages_check_deps_CellularStatus[0m
[  0%] Built target sensor_msgs_generate_messages_cpp
[35m[1mScanning dependencies of target _mavros_msgs_generate_messages_check_deps_ESCTelemetryItem[0m
[35m[1mScanning dependencies of target _mavros_msgs_generate_messages_check_deps_OnboardComputerStatus[0m
[35m[1mScanning dependencies of target _mavros_msgs_generate_messages_check_deps_CameraImageCaptured[0m
[  0%] Built target _mavros_msgs_generate_messages_check_deps_CellularStatus
[35m[1mScanning dependencies of target _mavros_msgs_generate_messages_check_deps_Altitude[0m
[  0%] Built target _mavros_msgs_generate_messages_check_deps_ESCTelemetryItem
[  0%] Built target _mavros_msgs_generate_messages_check_deps_OnboardComputerStatus
[35m[1mScanning dependencies of target _mavros_msgs_generate_messages_check_deps_VFR_HUD[0m
[35m[1mScanning dependencies of target _mavros_msgs_generate_messages_check_deps_RTCM[0m
[  0%] Built target _mavros_msgs_generate_messages_check_deps_CameraImageCaptured
[35m[1mScanning dependencies of target _mavros_msgs_generate_messages_check_deps_CommandInt[0m
[  0%] Built target _mavros_msgs_generate_messages_check_deps_Altitude
[35m[1mScanning dependencies of target _mavros_msgs_generate_messages_check_deps_ESCTelemetry[0m
[  0%] Built target _mavros_msgs_generate_messages_check_deps_VFR_HUD
[  0%] Built target _mavros_msgs_generate_messages_check_deps_RTCM
[35m[1mScanning dependencies of target _mavros_msgs_generate_messages_check_deps_HilGPS[0m
[35m[1mScanning dependencies of target _mavros_msgs_generate_messages_check_deps_LandingTarget[0m
[  0%] Built target _mavros_msgs_generate_messages_check_deps_CommandInt
[  0%] Built target _mavros_msgs_generate_messages_check_deps_ESCTelemetry
[35m[1mScanning dependencies of target _mavros_msgs_generate_messages_check_deps_StreamRate[0m
[35m[1mScanning dependencies of target _mavros_msgs_generate_messages_check_deps_HilActuatorControls[0m
[  0%] Built target _mavros_msgs_generate_messages_check_deps_HilGPS
[  0%] Built target _mavros_msgs_generate_messages_check_deps_LandingTarget
[35m[1mScanning dependencies of target _mavros_msgs_generate_messages_check_deps_AttitudeTarget[0m
[  0%] Built target _mavros_msgs_generate_messages_check_deps_StreamRate
[  0%] Built target _mavros_msgs_generate_messages_check_deps_HilActuatorControls
[35m[1mScanning dependencies of target _mavros_msgs_generate_messages_check_deps_FileWrite[0m
[35m[1mScanning dependencies of target _mavros_msgs_generate_messages_check_deps_HilSensor[0m
[  0%] Built target _mavros_msgs_generate_messages_check_deps_AttitudeTarget
[35m[1mScanning dependencies of target _mavros_msgs_generate_messages_check_deps_State[0m
[  0%] Built target _mavros_msgs_generate_messages_check_deps_FileWrite
[  0%] Built target _mavros_msgs_generate_messages_check_deps_HilSensor
[35m[1mScanning dependencies of target _mavros_msgs_generate_messages_check_deps_HilStateQuaternion[0m
[35m[1mScanning dependencies of target _mavros_msgs_generate_messages_check_deps_MagnetometerReporter[0m
[  0%] Built target _mavros_msgs_generate_messages_check_deps_State
[35m[1mScanning dependencies of target _mavros_msgs_generate_messages_check_deps_HomePosition[0m
[  0%] Built target _mavros_msgs_generate_messages_check_deps_MagnetometerReporter
[  0%] Built target _mavros_msgs_generate_messages_check_deps_HilStateQuaternion
[35m[1mScanning dependencies of target _mavros_msgs_generate_messages_check_deps_LogData[0m
[35m[1mScanning dependencies of target _mavros_msgs_generate_messages_check_deps_PlayTuneV2[0m
[  0%] Built target _mavros_msgs_generate_messages_check_deps_HomePosition
[35m[1mScanning dependencies of target _mavros_msgs_generate_messages_check_deps_CommandTOL[0m
[35m[1mScanning dependencies of target _mavros_msgs_generate_messages_check_deps_LogEntry[0m
[35m[1mScanning dependencies of target _mavros_msgs_generate_messages_check_deps_OverrideRCIn[0m
[35m[1mScanning dependencies of target _mavros_msgs_generate_messages_check_deps_ManualControl[0m
[  0%] Built target _mavros_msgs_generate_messages_check_deps_LogData
[  0%] Built target _mavros_msgs_generate_messages_check_deps_PlayTuneV2
[35m[1mScanning dependencies of target _mavros_msgs_generate_messages_check_deps_Waypoint[0m
[35m[1mScanning dependencies of target _mavros_msgs_generate_messages_check_deps_Mavlink[0m
[  0%] Built target _mavros_msgs_generate_messages_check_deps_CommandTOL
[  0%] Built target _mavros_msgs_generate_messages_check_deps_LogEntry
[  0%] Built target _mavros_msgs_generate_messages_check_deps_OverrideRCIn
[35m[1mScanning dependencies of target _mavros_msgs_generate_messages_check_deps_OpticalFlowRad[0m
[  0%] Built target _mavros_msgs_generate_messages_check_deps_ManualControl
[35m[1mScanning dependencies of target _mavros_msgs_generate_messages_check_deps_PositionTarget[0m
[35m[1mScanning dependencies of target _mavros_msgs_generate_messages_check_deps_FileChecksum[0m
[35m[1mScanning dependencies of target _mavros_msgs_generate_messages_check_deps_CommandVtolTransition[0m
[  0%] Built target _mavros_msgs_generate_messages_check_deps_Waypoint
[  0%] Built target _mavros_msgs_generate_messages_check_deps_Mavlink
[35m[1mScanning dependencies of target _mavros_msgs_generate_messages_check_deps_RCIn[0m
[35m[1mScanning dependencies of target _mavros_msgs_generate_messages_check_deps_ESCInfo[0m
[  0%] Built target _mavros_msgs_generate_messages_check_deps_OpticalFlowRad
[  0%] Built target _mavros_msgs_generate_messages_check_deps_PositionTarget
[  0%] Built target _mavros_msgs_generate_messages_check_deps_FileChecksum
[35m[1mScanning dependencies of target _mavros_msgs_generate_messages_check_deps_RCOut[0m
[35m[1mScanning dependencies of target _mavros_msgs_generate_messages_check_deps_RadioStatus[0m
[  0%] Built target _mavros_msgs_generate_messages_check_deps_CommandVtolTransition
[35m[1mScanning dependencies of target _mavros_msgs_generate_messages_check_deps_RTKBaseline[0m
[35m[1mScanning dependencies of target _mavros_msgs_generate_messages_check_deps_SetMavFrame[0m
[  0%] Built target _mavros_msgs_generate_messages_check_deps_RCIn
[35m[1mScanning dependencies of target _mavros_msgs_generate_messages_check_deps_DebugValue[0m
[  0%] Built target _mavros_msgs_generate_messages_check_deps_ESCInfo
[  0%] Built target _mavros_msgs_generate_messages_check_deps_RCOut
[35m[1mScanning dependencies of target _mavros_msgs_generate_messages_check_deps_Tunnel[0m
[  0%] Built target _mavros_msgs_generate_messages_check_deps_RTKBaseline
[  0%] Built target _mavros_msgs_generate_messages_check_deps_RadioStatus
[35m[1mScanning dependencies of target _mavros_msgs_generate_messages_check_deps_WheelOdomStamped[0m
[  0%] Built target _mavros_msgs_generate_messages_check_deps_SetMavFrame
[35m[1mScanning dependencies of target _mavros_msgs_generate_messages_check_deps_VehicleInfo[0m
[35m[1mScanning dependencies of target _mavros_msgs_generate_messages_check_deps_MountControl[0m
[35m[1mScanning dependencies of target _mavros_msgs_generate_messages_check_deps_Vibration[0m
[  0%] Built target _mavros_msgs_generate_messages_check_deps_DebugValue
[  0%] Built target _mavros_msgs_generate_messages_check_deps_Tunnel
[35m[1mScanning dependencies of target _mavros_msgs_generate_messages_check_deps_WaypointList[0m
[35m[1mScanning dependencies of target _mavros_msgs_generate_messages_check_deps_FileClose[0m
[  0%] Built target _mavros_msgs_generate_messages_check_deps_VehicleInfo
[  0%] Built target _mavros_msgs_generate_messages_check_deps_WheelOdomStamped
[  0%] Built target _mavros_msgs_generate_messages_check_deps_Vibration
[35m[1mScanning dependencies of target _mavros_msgs_generate_messages_check_deps_NavControllerOutput[0m
[35m[1mScanning dependencies of target _mavros_msgs_generate_messages_check_deps_ParamPull[0m
[  0%] Built target _mavros_msgs_generate_messages_check_deps_MountControl
[35m[1mScanning dependencies of target _mavros_msgs_generate_messages_check_deps_Trajectory[0m
[35m[1mScanning dependencies of target _mavros_msgs_generate_messages_check_deps_WaypointReached[0m
[  0%] Built target _mavros_msgs_generate_messages_check_deps_WaypointList
[  0%] Built target _mavros_msgs_generate_messages_check_deps_FileClose
[35m[1mScanning dependencies of target _mavros_msgs_generate_messages_check_deps_CommandAck[0m
[35m[1mScanning dependencies of target _mavros_msgs_generate_messages_check_deps_BatteryStatus[0m
[  0%] Built target _mavros_msgs_generate_messages_check_deps_ParamPull
[  0%] Built target _mavros_msgs_generate_messages_check_deps_NavControllerOutput
[  0%] Built target _mavros_msgs_generate_messages_check_deps_Trajectory
[  0%] Built target _mavros_msgs_generate_messages_check_deps_WaypointReached
[35m[1mScanning dependencies of target _mavros_msgs_generate_messages_check_deps_CommandBool[0m
[35m[1mScanning dependencies of target _mavros_msgs_generate_messages_check_deps_GPSRAW[0m
[35m[1mScanning dependencies of target _mavros_msgs_generate_messages_check_deps_CommandLong[0m
[35m[1mScanning dependencies of target _mavros_msgs_generate_messages_check_deps_CommandTriggerControl[0m
[35m[1mScanning dependencies of target _mavros_msgs_generate_messages_check_deps_FileList[0m
[  0%] Built target _mavros_msgs_generate_messages_check_deps_CommandAck
[  0%] Built target _mavros_msgs_generate_messages_check_deps_BatteryStatus
[35m[1mScanning dependencies of target _mavros_msgs_generate_messages_check_deps_FileMakeDir[0m
[35m[1mScanning dependencies of target _mavros_msgs_generate_messages_check_deps_TerrainReport[0m
[  0%] Built target _mavros_msgs_generate_messages_check_deps_CommandBool
[  0%] Built target _mavros_msgs_generate_messages_check_deps_GPSRAW
[  0%] Built target _mavros_msgs_generate_messages_check_deps_CommandLong
[  0%] Built target _mavros_msgs_generate_messages_check_deps_CommandTriggerControl
[35m[1mScanning dependencies of target _mavros_msgs_generate_messages_check_deps_FileRead[0m
[  0%] Built target _mavros_msgs_generate_messages_check_deps_FileList
[35m[1mScanning dependencies of target _mavros_msgs_generate_messages_check_deps_StatusText[0m
[35m[1mScanning dependencies of target _mavros_msgs_generate_messages_check_deps_FileTruncate[0m
[35m[1mScanning dependencies of target _mavros_msgs_generate_messages_check_deps_LogRequestEnd[0m
[35m[1mScanning dependencies of target _mavros_msgs_generate_messages_check_deps_ParamGet[0m
[  0%] Built target _mavros_msgs_generate_messages_check_deps_TerrainReport
[  0%] Built target _mavros_msgs_generate_messages_check_deps_FileMakeDir
[  0%] Built target _mavros_msgs_generate_messages_check_deps_StatusText
[  0%] Built target _mavros_msgs_generate_messages_check_deps_FileRead
[  0%] Built target _mavros_msgs_generate_messages_check_deps_FileTruncate
[35m[1mScanning dependencies of target _mavros_msgs_generate_messages_check_deps_ParamPush[0m
[35m[1mScanning dependencies of target _mavros_msgs_generate_messages_check_deps_CommandTriggerInterval[0m
[  0%] Built target _mavros_msgs_generate_messages_check_deps_LogRequestEnd
[35m[1mScanning dependencies of target _mavros_msgs_generate_messages_check_deps_ParamSet[0m
[35m[1mScanning dependencies of target _mavros_msgs_generate_messages_check_deps_SetMode[0m
[35m[1mScanning dependencies of target _mavros_msgs_generate_messages_check_deps_FileRemoveDir[0m
[35m[1mScanning dependencies of target _mavros_msgs_generate_messages_check_deps_GlobalPositionTarget[0m
[  0%] Built target _mavros_msgs_generate_messages_check_deps_ParamGet
[35m[1mScanning dependencies of target _mavros_msgs_generate_messages_check_deps_MessageInterval[0m
[  0%] Built target _mavros_msgs_generate_messages_check_deps_CommandTriggerInterval
[  0%] Built target _mavros_msgs_generate_messages_check_deps_ParamPush
[  0%] Built target _mavros_msgs_generate_messages_check_deps_ParamSet
[  0%] Built target _mavros_msgs_generate_messages_check_deps_SetMode
[  0%] Built target _mavros_msgs_generate_messages_check_deps_FileRemoveDir
[35m[1mScanning dependencies of target _mavros_msgs_generate_messages_check_deps_ExtendedState[0m
[35m[1mScanning dependencies of target _mavros_msgs_generate_messages_check_deps_HilControls[0m
[  0%] Built target _mavros_msgs_generate_messages_check_deps_GlobalPositionTarget
[35m[1mScanning dependencies of target std_msgs_generate_messages_cpp[0m
[35m[1mScanning dependencies of target _mavros_msgs_generate_messages_check_deps_MountConfigure[0m
[35m[1mScanning dependencies of target _mavros_msgs_generate_messages_check_deps_ESCStatusItem[0m
[35m[1mScanning dependencies of target _mavros_msgs_generate_messages_check_deps_WaypointSetCurrent[0m
[  0%] Built target std_msgs_generate_messages_cpp
[  0%] Built target _mavros_msgs_generate_messages_check_deps_MessageInterval
[35m[1mScanning dependencies of target _mavros_msgs_generate_messages_check_deps_ESCStatus[0m
[35m[1mScanning dependencies of target _mavros_msgs_generate_messages_check_deps_ESCInfoItem[0m
[  0%] Built target _mavros_msgs_generate_messages_check_deps_ExtendedState
[  0%] Built target _mavros_msgs_generate_messages_check_deps_HilControls
[  0%] Built target _mavros_msgs_generate_messages_check_deps_ESCStatusItem
[  0%] Built target _mavros_msgs_generate_messages_check_deps_MountConfigure
[35m[1mScanning dependencies of target _mavros_msgs_generate_messages_check_deps_CompanionProcessStatus[0m
[  0%] Built target _mavros_msgs_generate_messages_check_deps_WaypointSetCurrent
[35m[1mScanning dependencies of target _mavros_msgs_generate_messages_check_deps_FileOpen[0m
[35m[1mScanning dependencies of target geometry_msgs_generate_messages_nodejs[0m
[35m[1mScanning dependencies of target sensor_msgs_generate_messages_nodejs[0m
[  0%] Built target _mavros_msgs_generate_messages_check_deps_ESCStatus
[35m[1mScanning dependencies of target geographic_msgs_generate_messages_nodejs[0m
[  0%] Built target geometry_msgs_generate_messages_nodejs
[  0%] Built target sensor_msgs_generate_messages_nodejs
[35m[1mScanning dependencies of target std_msgs_generate_messages_nodejs[0m
[35m[1mScanning dependencies of target geometry_msgs_generate_messages_lisp[0m
[  0%] Built target _mavros_msgs_generate_messages_check_deps_ESCInfoItem
[  0%] Built target geographic_msgs_generate_messages_nodejs
[35m[1mScanning dependencies of target sensor_msgs_generate_messages_lisp[0m
[  0%] Built target std_msgs_generate_messages_nodejs
[35m[1mScanning dependencies of target std_msgs_generate_messages_lisp[0m
[  0%] Built target geometry_msgs_generate_messages_lisp
[35m[1mScanning dependencies of target geographic_msgs_generate_messages_lisp[0m
[  0%] Built target sensor_msgs_generate_messages_lisp
[  0%] Built target std_msgs_generate_messages_lisp
[35m[1mScanning dependencies of target sensor_msgs_generate_messages_eus[0m
[35m[1mScanning dependencies of target geographic_msgs_generate_messages_eus[0m
[  0%] Built target geographic_msgs_generate_messages_lisp
[35m[1mScanning dependencies of target geometry_msgs_generate_messages_eus[0m
[  0%] Built target _mavros_msgs_generate_messages_check_deps_CompanionProcessStatus
[  0%] Built target _mavros_msgs_generate_messages_check_deps_FileOpen
[  0%] Built target sensor_msgs_generate_messages_eus
[  0%] Built target geographic_msgs_generate_messages_eus
[35m[1mScanning dependencies of target std_msgs_generate_messages_eus[0m
[35m[1mScanning dependencies of target sensor_msgs_generate_messages_py[0m
[  0%] Built target geometry_msgs_generate_messages_eus
[35m[1mScanning dependencies of target geometry_msgs_generate_messages_py[0m
[35m[1mScanning dependencies of target std_msgs_generate_messages_py[0m
[  0%] Built target std_msgs_generate_messages_eus
[35m[1mScanning dependencies of target geographic_msgs_generate_messages_py[0m
[35m[1mScanning dependencies of target mavros_msgs_generate_messages_cpp[0m
[  0%] Built target sensor_msgs_generate_messages_py
[35m[1mScanning dependencies of target mavros_msgs_generate_messages_nodejs[0m
[  0%] Built target geometry_msgs_generate_messages_py
[  0%] Built target geographic_msgs_generate_messages_py
[35m[1mScanning dependencies of target mavros_msgs_generate_messages_lisp[0m
[  0%] Built target std_msgs_generate_messages_py
[35m[1mScanning dependencies of target mavros_msgs_generate_messages_eus[0m
[ 20%] Built target mavros_msgs_generate_messages_cpp
[ 40%] Built target mavros_msgs_generate_messages_nodejs
[35m[1mScanning dependencies of target mavros_msgs_generate_messages_py[0m
[ 60%] Built target mavros_msgs_generate_messages_lisp
[ 79%] Built target mavros_msgs_generate_messages_eus
[100%] Built target mavros_msgs_generate_messages_py
[35m[1mScanning dependencies of target mavros_msgs_generate_messages[0m
[100%] Built target mavros_msgs_generate_messages
